** -- Unhandled exception -- **

Version = 1.7-unstable-25810.0.000
Time = Thu Nov  6 14:59:30 2025
Module = C:\Users\alyys\Downloads\mtasa-blue\Bin\MTA\core.dll
Code = 0xE06D7363
Offset = 0x000FA799

EAX=147F9518  EBX=0177EB0C  ECX=00000000  EDX=00000000  ESI=0177EB10
EDI=14C25AF0  EBP=0177EB24  ESP=0177EAE4  EIP=726AA799  FLG=00200246
CS=0023   DS=002B  SS=002B  ES=002B   FS=0053  GS=002B

InvalidParameterCount = 0
CrashZone = 0
ThreadId = 6404


Precise crash time: 2025-11-06 14:59:29.048
Thread ID: 6404
Process ID: 1988
Exception Type: C++
Exception: C++ Exception
Resolved Module Path: C:\Users\alyys\Downloads\mtasa-blue\Bin\MTA\core.dll
Resolved Module Base: core.dll
Resolved Module Offset: 0x000FA799
Fatal Exception: Yes
Stack trace:
  CppTerminateHandler (C:\Users\alyys\Downloads\mtasa-blue\Client\core\CrashHandler.cpp:1437) [0x1919592345]
  terminate (minkernel\crts\ucrt\src\appcrt\misc\terminate.cpp:49) [0x1920528129]
  FindHandler<__FrameHandler3> (D:\a\_work\1\s\src\vctools\crt\vcruntime\src\eh\frame.cpp:601) [0x1920445617]
  __InternalCxxFrameHandler<__FrameHandler3> (D:\a\_work\1\s\src\vctools\crt\vcruntime\src\eh\frame.cpp:396) [0x1920446418]
  __CxxFrameHandler3 (D:\a\_work\1\s\src\vctools\crt\vcruntime\src\eh\i386\trnsctrl.cpp:271) [0x1920433253]
  RtlInterlockedCompareExchange64 [0x1997312610]
  RtlInterlockedCompareExchange64 [0x1997312564]
  KiUserExceptionDispatcher [0x1997231894]
  _CxxThrowException (D:\a\_work\1\s\src\vctools\crt\vcruntime\src\eh\throw.cpp:79) [0x1852949250]
  __RTDynamicCast (D:\a\_work\1\s\src\vctools\crt\vcruntime\src\eh\rtti.cpp:293) [0x1852952979]
  CGUI_Impl::DestroyElementRecursive (C:\Users\alyys\Downloads\mtasa-blue\Client\gui\CGUI_Impl.cpp:24) [0x1852288335]
  CMainMenu::~CMainMenu (C:\Users\alyys\Downloads\mtasa-blue\Client\core\CMainMenu.cpp:316) [0x1919113877]
  CLocalGUI::DestroyWindows (C:\Users\alyys\Downloads\mtasa-blue\Client\core\CGUI.cpp:209) [0x1919023220]
  CLocalGUI::~CLocalGUI (C:\Users\alyys\Downloads\mtasa-blue\Client\core\CGUI.cpp:53) [0x1919019352]
  CCore::~CCore (C:\Users\alyys\Downloads\mtasa-blue\Client\core\CCore.cpp:241) [0x1918758923]
  CCore::Quit (C:\Users\alyys\Downloads\mtasa-blue\Client\core\CCore.cpp:1513) [0x1918865713]
  CCommandFuncs::Exit (C:\Users\alyys\Downloads\mtasa-blue\Client\core\CCommandFuncs.cpp:40) [0x1918688336]
  CCommands::Execute (C:\Users\alyys\Downloads\mtasa-blue\Client\core\CCommands.cpp:137) [0x1918698123]
  CMainMenu::OnMenuClick (C:\Users\alyys\Downloads\mtasa-blue\Client\core\CMainMenu.cpp:858) [0x1919118349]
  CGUICallbackMethod<CMainMenu,bool,CGUIMouseEventArgs>::operator() (C:\Users\alyys\Downloads\mtasa-blue\Client\sdk\gui\CGUICallback.h:54) [0x1919114601]
  CGUIElement_Impl::Event_OnClick (C:\Users\alyys\Downloads\mtasa-blue\Client\gui\CGUIElement_Impl.cpp:638) [0x1852224763]
  CGUI_Impl::Event_MouseClick (C:\Users\alyys\Downloads\mtasa-blue\Client\gui\CGUI_Impl.cpp:1087) [0x1852293867]
  CEGUI::Event::operator() (C:\Users\alyys\Downloads\mtasa-blue\vendor\cegui-0.4.0-custom\src\CEGUIEvent.cpp:106) [0x1852771078]
  CEGUI::GlobalEventSet::fireEvent (C:\Users\alyys\Downloads\mtasa-blue\vendor\cegui-0.4.0-custom\src\CEGUIGlobalEventSet.cpp:125) [0x1852598988]
  CEGUI::EventSet::fireEvent (C:\Users\alyys\Downloads\mtasa-blue\vendor\cegui-0.4.0-custom\src\CEGUIEventSet.cpp:177) [0x1852577009]
  CEGUI::Window::onMouseClicked (C:\Users\alyys\Downloads\mtasa-blue\vendor\cegui-0.4.0-custom\src\CEGUIWindow.cpp:4124) [0x1852398329]
  CEGUI::System::injectMouseButtonUp (C:\Users\alyys\Downloads\mtasa-blue\vendor\cegui-0.4.0-custom\src\CEGUISystem.cpp:969) [0x1852610677]
  CGUI_Impl::ProcessMouseInput (C:\Users\alyys\Downloads\mtasa-blue\Client\gui\CGUI_Impl.cpp:304) [0x1852298544]
  CLocalGUI::ProcessMessage (C:\Users\alyys\Downloads\mtasa-blue\Client\core\CGUI.cpp:641) [0x1919027099]
  CMessageLoopHook::ProcessMessage (C:\Users\alyys\Downloads\mtasa-blue\Client\core\CMessageLoopHook.cpp:469) [0x1919156140]
  AddClipboardFormatListener [0x1986075659]
  GetClassLongW [0x1986036426]
** -- End of unhandled exception -- **


