==================================================================
= Multi Theft Auto: San Andreas v1.7-unstable-25805
==================================================================
= Server name      : Map Editor Server
= Server IP address: auto
= Server port      : 22010
= 
= Log file         : ..rver/mods/deathmatch/logs/editor_server.log
= Maximum players  : 1
= HTTP port        : 22011
= Voice Chat       : Disabled
= Bandwidth saving : None
==================================================================
[2025-11-03 23:36:14] Resource 'acpanel' requests some acl rights. Use the command 'aclrequest list acpanel'
[2025-11-03 23:36:21] Resource 'ip2c' requests some acl rights. Use the command 'aclrequest list ip2c'
[2025-11-03 23:36:24] Resource 'mapmanager' requests some acl rights. Use the command 'aclrequest list mapmanager'
[2025-11-03 23:36:29] Resource 'runcode' requests some acl rights. Use the command 'aclrequest list runcode'
[2025-11-03 23:36:32] Resources: 205 loaded, 0 failed
[2025-11-03 23:36:32] Starting resources...
[2025-11-03 23:36:32] Server minclientversion is now 1.5.9-9.21313.0
[2025-11-03 23:36:33] Server minclientversion is now 1.6.0
[2025-11-03 23:36:33] Server started and is ready to accept connections!
[2025-11-03 23:36:33] To stop the server, type 'shutdown' or press Ctrl-C
[2025-11-03 23:36:33] Type 'help' for a list of commands.
[2025-11-03 23:36:34] CONNECT: WorthlessRadiosonde76 connected (IP: 127.0.0.1  Serial: 9F021BDB37FEDD6B6FA9015F72050343  Version: 1.7.0-5.25805.0)
[2025-11-03 23:36:36] JOIN: WorthlessRadiosonde76 joined the game (IP: 127.0.0.1)
[2025-11-03 23:39:01] QUIT: WorthlessRadiosonde76 left the game [Quit] 
[2025-11-03 23:39:02] Server stopped!
[2025-11-03 23:39:02] Stopping resources...........
[2025-11-03 23:39:03] Closing SQLite3 database
==================================================================
= Multi Theft Auto: San Andreas v1.7-unstable-25805
==================================================================
= Server name      : Map Editor Server
= Server IP address: auto
= Server port      : 22010
= 
= Log file         : ..rver/mods/deathmatch/logs/editor_server.log
= Maximum players  : 1
= HTTP port        : 22011
= Voice Chat       : Disabled
= Bandwidth saving : None
==================================================================
[2025-11-03 23:43:12] Resource 'acpanel' requests some acl rights. Use the command 'aclrequest list acpanel'
[2025-11-03 23:43:13] Resource 'ip2c' requests some acl rights. Use the command 'aclrequest list ip2c'
[2025-11-03 23:43:13] Resource 'mapmanager' requests some acl rights. Use the command 'aclrequest list mapmanager'
[2025-11-03 23:43:14] Resource 'runcode' requests some acl rights. Use the command 'aclrequest list runcode'
[2025-11-03 23:43:14] Resources: 206 loaded, 0 failed
[2025-11-03 23:43:14] Starting resources...
[2025-11-03 23:43:14] Server minclientversion is now 1.5.9-9.21313.0
[2025-11-03 23:43:14] Server minclientversion is now 1.6.0
[2025-11-03 23:43:14] Server started and is ready to accept connections!
[2025-11-03 23:43:14] To stop the server, type 'shutdown' or press Ctrl-C
[2025-11-03 23:43:14] Type 'help' for a list of commands.
[2025-11-03 23:43:15] CONNECT: WorthlessRadiosonde76 connected (IP: 127.0.0.1  Serial: 9F021BDB37FEDD6B6FA9015F72050343  Version: 1.7.0-5.25805.0)
[2025-11-03 23:43:16] JOIN: WorthlessRadiosonde76 joined the game (IP: 127.0.0.1)
[2025-11-03 23:43:27] CHAT: WorthlessRadiosonde76: new
[2025-11-03 23:43:39] CHAT: WorthlessRadiosonde76: ho are you doing today? This is the finest shit i've ever seen in my life
[2025-11-03 23:43:49] Starting freeroam
[2025-11-03 23:43:49] Starting playerblips
[2025-11-03 23:43:49] playerblips: Start the playercolors resource if you want random nametag and blip colors.
[2025-11-03 23:43:49] Server minclientversion is now 1.6.0-9.22676
[2025-11-03 23:43:49] startResource: Resource 'freeroam' started
[2025-11-03 23:43:49] Resource 'editor_test' changed, reloading and starting
[2025-11-03 23:43:49] Starting editor_test
[2025-11-03 23:43:49] startResource: Resource 'editor_test' started
[2025-11-03 23:44:10] Server minclientversion is now 1.6.0
[2025-11-03 23:44:10] Stopping freeroam
[2025-11-03 23:44:10] Stopping playerblips
[2025-11-03 23:44:10] Stopping editor_test
[2025-11-03 23:44:40] QUIT: WorthlessRadiosonde76 left the game [Quit] 
[2025-11-03 23:44:41] Server stopped!
[2025-11-03 23:44:41] Stopping resources...........
[2025-11-03 23:44:41] Closing SQLite3 database
