==================================================================
= Multi Theft Auto: San Andreas v1.7-unstable-25805
==================================================================
= Server name      : Default MTA Server
= Server IP address: auto
= Server port      : 22003
= 
= Log file         : ../Bin/server/mods/deathmatch/logs/server.log
= Maximum players  : 32
= HTTP port        : 22005
= Voice Chat       : Disabled
= Bandwidth saving : Medium
==================================================================
[2025-11-02 13:20:00] File 'settings.xml' not present, creating new node.
[2025-11-02 13:20:00] Resource 'acpanel' requests some acl rights. Use the command 'aclrequest list acpanel'
[2025-11-02 13:20:04] Resource 'ip2c' requests some acl rights. Use the command 'aclrequest list ip2c'
[2025-11-02 13:20:06] Resource 'mapmanager' requests some acl rights. Use the command 'aclrequest list mapmanager'
[2025-11-02 13:20:09] Resource 'runcode' requests some acl rights. Use the command 'aclrequest list runcode'
[2025-11-02 13:20:11] Resources: 205 loaded, 0 failed
[2025-11-02 13:20:11] Starting resources...
[2025-11-02 13:20:11] Admin access list successfully updated 
[2025-11-02 13:20:11] INFO: Admin added 602 missing rights
[2025-11-02 13:20:11] Server minclientversion is now 1.5.9-9.20957.0
[2025-11-02 13:20:11] startResource: Resource 'ip2c' started
[2025-11-02 13:20:11] Server minclientversion is now 1.6.0-9.22676
[2025-11-02 13:20:12] Server minclientversion is now 1.6.0-9.22815
[2025-11-02 13:20:12] Gamemode 'play' started.
[2025-11-02 13:20:12] Querying MTA master server... success! (Auto detected IP:39.49.168.144)
[2025-11-02 13:20:12] Authorized serial account protection is enabled for the ACL group(s): `Admin`  See http://multitheftauto.com/authserial
[2025-11-02 13:20:12] WARNING: <owner_email_address> not set
[2025-11-02 13:20:12] Server started and is ready to accept connections!
[2025-11-02 13:20:12] To stop the server, type 'shutdown' or press Ctrl-C
[2025-11-02 13:20:12] Type 'help' for a list of commands.
[2025-11-02 13:20:12] INFO: IpToCountry file not found, successfully copied from backup
[2025-11-02 13:20:42] CONNECT: WorthlessRadiosonde76 connected (IP: 127.0.0.1  Serial: 9F021BDB37FEDD6B6FA9015F72050343  Version: 1.7.0-5.25805.0)
[2025-11-02 13:20:46] JOIN: WorthlessRadiosonde76 joined the game (IP: 127.0.0.1)
[2025-11-02 13:21:09] QUIT: WorthlessRadiosonde76 left the game [Quit] 
==================================================================
= Multi Theft Auto: San Andreas v1.7-unstable-25805
==================================================================
= Server name      : Default MTA Server
= Server IP address: auto
= Server port      : 22003
= 
= Log file         : ../Bin/server/mods/deathmatch/logs/server.log
= Maximum players  : 32
= HTTP port        : 22005
= Voice Chat       : Disabled
= Bandwidth saving : Medium
==================================================================
[2025-11-02 13:45:26] Compacting accounts database 'internal.db' ...
[2025-11-02 13:45:26] Resource 'acpanel' requests some acl rights. Use the command 'aclrequest list acpanel'
[2025-11-02 13:45:29] Resource 'ip2c' requests some acl rights. Use the command 'aclrequest list ip2c'
[2025-11-02 13:45:30] Resource 'mapmanager' requests some acl rights. Use the command 'aclrequest list mapmanager'
[2025-11-02 13:45:33] Resource 'runcode' requests some acl rights. Use the command 'aclrequest list runcode'
[2025-11-02 13:45:34] Resources: 205 loaded, 0 failed
[2025-11-02 13:45:34] Compacting database 'registry.db' ...
[2025-11-02 13:45:34] Starting resources...
[2025-11-02 13:45:35] Server minclientversion is now 1.5.9-9.20957.0
[2025-11-02 13:45:35] startResource: Resource 'ip2c' started
[2025-11-02 13:45:35] Server minclientversion is now 1.6.0-9.22676
[2025-11-02 13:45:35] Server minclientversion is now 1.6.0-9.22815
[2025-11-02 13:45:35] Gamemode 'play' started.
[2025-11-02 13:45:35] Querying MTA master server... success! (Auto detected IP:39.49.168.144)
[2025-11-02 13:45:35] Authorized serial account protection is enabled for the ACL group(s): `Admin`  See http://multitheftauto.com/authserial
[2025-11-02 13:45:35] WARNING: <owner_email_address> not set
[2025-11-02 13:45:35] Server started and is ready to accept connections!
[2025-11-02 13:45:35] To stop the server, type 'shutdown' or press Ctrl-C
[2025-11-02 13:45:35] Type 'help' for a list of commands.
==================================================================
= Multi Theft Auto: San Andreas v1.7-unstable-25805
==================================================================
= Server name      : Default MTA Server
= Server IP address: auto
= Server port      : 22003
= 
= Log file         : ../Bin/server/mods/deathmatch/logs/server.log
= Maximum players  : 32
= HTTP port        : 22005
= Voice Chat       : Disabled
= Bandwidth saving : Medium
==================================================================
[2025-11-03 13:58:46] Resource 'acpanel' requests some acl rights. Use the command 'aclrequest list acpanel'
[2025-11-03 13:58:53] Resource 'ip2c' requests some acl rights. Use the command 'aclrequest list ip2c'
[2025-11-03 13:58:59] Resource 'mapmanager' requests some acl rights. Use the command 'aclrequest list mapmanager'
[2025-11-03 13:59:08] Resource 'runcode' requests some acl rights. Use the command 'aclrequest list runcode'
[2025-11-03 13:59:13] Resources: 205 loaded, 0 failed
[2025-11-03 13:59:13] Starting resources...
[2025-11-03 13:59:14] Server minclientversion is now 1.5.9-9.20957.0
[2025-11-03 13:59:14] startResource: Resource 'ip2c' started
[2025-11-03 13:59:14] Server minclientversion is now 1.6.0-9.22676
[2025-11-03 13:59:14] Server minclientversion is now 1.6.0-9.22815
[2025-11-03 13:59:14] Gamemode 'play' started.
[2025-11-03 13:59:14] Authorized serial account protection is enabled for the ACL group(s): `Admin`  See http://multitheftauto.com/authserial
[2025-11-03 13:59:14] WARNING: <owner_email_address> not set
[2025-11-03 13:59:14] Server started and is ready to accept connections!
[2025-11-03 13:59:14] To stop the server, type 'shutdown' or press Ctrl-C
[2025-11-03 13:59:14] Type 'help' for a list of commands.
[2025-11-03 13:59:14] Querying MTA master server... success! (Auto detected IP:39.49.168.144)
[2025-11-03 14:01:08] CONNECT: WorthlessRadiosonde76 connected (IP: 127.0.0.1  Serial: 9F021BDB37FEDD6B6FA9015F72050343  Version: 1.7.0-5.25805.0)
[2025-11-03 14:01:11] JOIN: WorthlessRadiosonde76 joined the game (IP: 127.0.0.1)
[2025-11-03 14:24:51] QUIT: WorthlessRadiosonde76 left the game [Quit] 
