INFO: Logging to this file ended
INFO: Logging to this file ended
INFO: Logging to this file ended
INFO: Logging to this file ended
[2025-11-03 23:36:40] INFO: Fixed invalid numeric value for scaling_fast_speed
[2025-11-03 23:36:40] INFO: Fixed invalid boolean value for currentbrowser_autosnap
[2025-11-03 23:36:40] INFO: Fixed invalid boolean value for invert_mouse_look
[2025-11-03 23:36:40] INFO: Fixed invalid boolean value for camera_smooth_movement
[2025-11-03 23:36:40] INFO: Fixed invalid numeric value for rotate_slow_speed
[2025-11-03 23:36:40] INFO: Fixed invalid numeric value for movement_min_speed
[2025-11-03 23:36:40] INFO: Fixed invalid enum value for alignment_bottommenu
[2025-11-03 23:36:40] INFO: Fixed invalid boolean value for tutorial_on_start
[2025-11-03 23:36:40] INFO: Fixed invalid numeric value for rotate_normal_speed
[2025-11-03 23:36:40] INFO: Fixed invalid numeric value for camera_normal_speed
[2025-11-03 23:36:40] INFO: Fixed invalid boolean value for enablerandomrot
[2025-11-03 23:36:40] INFO: Fixed invalid boolean value for enablerotpatch
[2025-11-03 23:36:40] INFO: Fixed invalid boolean value for enablebox
[2025-11-03 23:36:40] INFO: Fixed invalid numeric value for movement_max_speed
[2025-11-03 23:36:40] INFO: Fixed invalid numeric value for camera_max_speed
[2025-11-03 23:36:40] INFO: Fixed invalid boolean value for movement_lock_to_axes
[2025-11-03 23:36:40] INFO: Fixed invalid enum value for icon_size
[2025-11-03 23:36:40] INFO: Fixed invalid enum value for elemscalingsnap
[2025-11-03 23:36:40] INFO: Fixed invalid numeric value for scaling_slow_speed
[2025-11-03 23:36:40] INFO: Fixed invalid numeric value for fov
[2025-11-03 23:36:40] INFO: Fixed invalid boolean value for enableprecisionrotation
[2025-11-03 23:36:40] INFO: Fixed invalid boolean value for enablecolpatch
[2025-11-03 23:36:40] INFO: Fixed invalid numeric value for scaling_normal_speed
[2025-11-03 23:36:40] INFO: Fixed invalid numeric value for camera_look_sensitivity
[2025-11-03 23:36:40] INFO: Fixed invalid enum value for randomizerotaxis
[2025-11-03 23:36:40] INFO: Fixed invalid boolean value for enableprecisionsnap
[2025-11-03 23:36:40] INFO: Fixed invalid enum value for precisionrotlevel
[2025-11-03 23:36:40] INFO: Fixed invalid enum value for alignment_topmenu
[2025-11-03 23:36:40] INFO: Fixed invalid enum value for precisionlevel
[2025-11-03 23:36:40] INFO: Fixed invalid boolean value for enablesounds
[2025-11-03 23:36:40] INFO: Fixed invalid boolean value for enablexyzlines
[2025-11-03 23:36:40] INFO: Fixed invalid numeric value for camera_min_speed
[2025-11-03 23:36:40] INFO: Fixed invalid numeric value for rotate_fast_speed
[2025-11-03 23:36:40] INFO: Fixed invalid numeric value for movement_normal_speed
INFO: Logging to this file ended
INFO: Logging to this file ended
INFO: Logging to this file ended
INFO: Logging to this file ended
